<?xml version="1.0" encoding="UTF-8"?>
<testsuite name="pl.edu.agh.internetshop.AddressTest" tests="1" skipped="0" failures="0" errors="0" timestamp="2025-05-05T00:16:42" hostname="DESKTOP-RFOQRB3" time="0.014">
  <properties/>
  <testcase name="testCreation()" classname="pl.edu.agh.internetshop.AddressTest" time="0.014"/>
  <system-out><![CDATA[]]></system-out>
  <system-err><![CDATA[]]></system-err>
</testsuite>
