<?xml version="1.0" encoding="UTF-8"?>
<testsuite name="pl.edu.agh.internetshop.ShipmentTest" tests="4" skipped="0" failures="0" errors="0" timestamp="2025-05-05T00:16:42" hostname="DESKTOP-RFOQRB3" time="0.005">
  <properties/>
  <testcase name="testGetSenderAddressThroughShipment()" classname="pl.edu.agh.internetshop.ShipmentTest" time="0.002"/>
  <testcase name="testSetShipped()" classname="pl.edu.agh.internetshop.ShipmentTest" time="0.0"/>
  <testcase name="testGetRecipientAddressThroughShipment()" classname="pl.edu.agh.internetshop.ShipmentTest" time="0.001"/>
  <testcase name="testSetShippedWithoutSetting()" classname="pl.edu.agh.internetshop.ShipmentTest" time="0.001"/>
  <system-out><![CDATA[]]></system-out>
  <system-err><![CDATA[]]></system-err>
</testsuite>
