<?xml version="1.0" encoding="UTF-8"?>
<testsuite name="pl.edu.agh.internetshop.ProductTest" tests="2" skipped="0" failures="0" errors="0" timestamp="2025-05-05T00:16:42" hostname="DESKTOP-RFOQRB3" time="0.001">
  <properties/>
  <testcase name="testProductPrice()" classname="pl.edu.agh.internetshop.ProductTest" time="0.0"/>
  <testcase name="testProductName()" classname="pl.edu.agh.internetshop.ProductTest" time="0.001"/>
  <system-out><![CDATA[]]></system-out>
  <system-err><![CDATA[]]></system-err>
</testsuite>
