<?xml version="1.0" encoding="UTF-8"?>
<testsuite name="pl.edu.agh.internetshop.SearchTest" tests="5" skipped="0" failures="0" errors="0" timestamp="2025-05-05T00:16:42" hostname="DESKTOP-RFOQRB3" time="0.007">
  <properties/>
  <testcase name="testWithMultipleStrategies()" classname="pl.edu.agh.internetshop.SearchTest" time="0.003"/>
  <testcase name="testSearchByPriceWithTaxes()" classname="pl.edu.agh.internetshop.SearchTest" time="0.0"/>
  <testcase name="testSearchByPriceWithoutTaxes()" classname="pl.edu.agh.internetshop.SearchTest" time="0.0"/>
  <testcase name="testSearchByProductName()" classname="pl.edu.agh.internetshop.SearchTest" time="0.0"/>
  <testcase name="testSearchBySurname()" classname="pl.edu.agh.internetshop.SearchTest" time="0.001"/>
  <system-out><![CDATA[]]></system-out>
  <system-err><![CDATA[]]></system-err>
</testsuite>
